<?xml version="1.0" encoding="UTF-8"?>
<!-- Generated by org.testng.reporters.JUnitReportReporter -->
<testsuite hostname="SumedhKrishna" failures="0" tests="1" name="tests.Test01" time="25.918" errors="0" timestamp="2024-03-05T21:28:42 EST" skipped="0">
  <testcase classname="tests.Test01" name="test01" time="25.918"/>
  <system-out/>
</testsuite> <!-- tests.Test01 -->
